<?xml version="1.0" encoding="UTF-8" ?>
<testsuite tests="6" failures="0" name="com.itheima.test.DBUtilsTest" time="1.152" errors="0" skipped="0">
  <properties>
[...]
</properties>
  <testcase classname="com.itheima.test.DBUtilsTest" name="test1" time="1.066"/>
  <testcase classname="com.itheima.test.DBUtilsTest" name="test2" time="0.012"/>
  <testcase classname="com.itheima.test.DBUtilsTest" name="test3" time="0.003"/>
  <testcase classname="com.itheima.test.DBUtilsTest" name="test4" time="0.064"/>
  <testcase classname="com.itheima.test.DBUtilsTest" name="test5" time="0.004"/>
  <testcase classname="com.itheima.test.DBUtilsTest" name="test6" time="0.003"/>
</testsuite>